[debug] [2018-05-31T02:52:03.562Z] ----------------------------------------------------------------------
[debug] [2018-05-31T02:52:03.563Z] Command:       /usr/local/Cellar/node/9.8.0/bin/node /usr/local/bin/firebase serve
[debug] [2018-05-31T02:52:03.564Z] CLI Version:   3.18.5
[debug] [2018-05-31T02:52:03.564Z] Platform:      darwin
[debug] [2018-05-31T02:52:03.564Z] Node Version:  v9.8.0
[debug] [2018-05-31T02:52:03.564Z] Time:          Wed May 30 2018 22:52:03 GMT-0400 (EDT)
[debug] [2018-05-31T02:52:03.564Z] ----------------------------------------------------------------------
[debug] 
[debug] [2018-05-31T02:52:03.576Z] > command requires scopes: ["email","openid","https://www.googleapis.com/auth/cloudplatformprojects.readonly","https://www.googleapis.com/auth/firebase","https://www.googleapis.com/auth/cloud-platform"]
[debug] [2018-05-31T02:52:03.576Z] > authorizing via signed-in user
[debug] [2018-05-31T02:52:03.577Z] >>> HTTP REQUEST GET https://admin.firebase.com/v1/projects/meow-meow-w00f  
  
 Wed May 30 2018 22:52:03 GMT-0400 (EDT)
[debug] [2018-05-31T02:52:03.848Z] <<< HTTP RESPONSE 200
[debug] [2018-05-31T02:52:03.848Z] >>> HTTP REQUEST GET https://admin.firebase.com/v1/database/meow-meow-w00f/tokens  
  
 Wed May 30 2018 22:52:03 GMT-0400 (EDT)
[debug] [2018-05-31T02:52:04.328Z] <<< HTTP RESPONSE 200
[debug] [2018-05-31T02:52:04.329Z] >>> HTTP REQUEST GET https://cloudresourcemanager.googleapis.com/v1/projects/meow-meow-w00f  
  
 Wed May 30 2018 22:52:04 GMT-0400 (EDT)
[debug] [2018-05-31T02:52:04.585Z] <<< HTTP RESPONSE 200
[info] 
[info] === Serving from '/Users/jordanstarr/Documents/repos/pull/aloha'...
[info] 
[info] i  functions: Preparing to emulate functions.
[debug] [2018-05-31T02:52:05.394Z] Fetching environment
[debug] [2018-05-31T02:52:05.400Z] >>> HTTP REQUEST GET https://mobilesdk-pa.googleapis.com/v1/projects/1073717529124:getServerAppConfig  
  
 Wed May 30 2018 22:52:05 GMT-0400 (EDT)
[debug] [2018-05-31T02:52:05.401Z] >>> HTTP REQUEST GET https://mobilesdk-pa.googleapis.com/v1/projects/1073717529124/clients/_:getWebAppConfig  
  
 Wed May 30 2018 22:52:05 GMT-0400 (EDT)
[debug] [2018-05-31T02:52:05.618Z] <<< HTTP RESPONSE 200
[debug] [2018-05-31T02:52:05.618Z] Starting @google-cloud/functions-emulator
[debug] [2018-05-31T02:52:05.641Z] <<< HTTP RESPONSE 200
[info] i  hosting: Serving hosting files from: public
[info] ✔  hosting: Local server: http://localhost:5000

[debug] [2018-05-31T02:52:07.178Z] Parsing function triggers
